Flow report for FFT_stream
Thu Oct 17 16:15:02 2024
Quartus Prime Version 20.1.0 Build 711 06/05/2020 SJ Lite Edition


---------------------
; Table of Contents ;
---------------------
  1. Legal Notice
  2. Flow Summary
  3. Flow Settings
  4. Flow Non-Default Global Settings
  5. Flow Elapsed Time
  6. Flow OS Summary
  7. Flow Log
  8. Flow Messages
  9. Flow Suppressed Messages



----------------
; Legal Notice ;
----------------
Copyright (C) 2020  Intel Corporation. All rights reserved.
Your use of Intel Corporation's design tools, logic functions 
and other software and tools, and any partner logic 
functions, and any output files from any of the foregoing 
(including device programming or simulation files), and any 
associated documentation or information are expressly subject 
to the terms and conditions of the Intel Program License 
Subscription Agreement, the Intel Quartus Prime License Agreement,
the Intel FPGA IP License Agreement, or other applicable license
agreement, including, without limitation, that your use is for
the sole purpose of programming logic devices manufactured by
Intel and sold by Intel or its authorized distributors.  Please
refer to the applicable agreement for further details, at
https://fpgasoftware.intel.com/eula.



+----------------------------------------------------------------------------------+
; Flow Summary                                                                     ;
+------------------------------------+---------------------------------------------+
; Flow Status                        ; Successful - Thu Oct 17 16:15:02 2024       ;
; Quartus Prime Version              ; 20.1.0 Build 711 06/05/2020 SJ Lite Edition ;
; Revision Name                      ; FFT_stream                                  ;
; Top-level Entity Name              ; top_level                                   ;
; Family                             ; Cyclone IV E                                ;
; Device                             ; EP4CE115F29C7                               ;
; Timing Models                      ; Final                                       ;
; Total logic elements               ; 5,804 / 114,480 ( 5 % )                     ;
;     Total combinational functions  ; 5,179 / 114,480 ( 5 % )                     ;
;     Dedicated logic registers      ; 1,840 / 114,480 ( 2 % )                     ;
; Total registers                    ; 1840                                        ;
; Total pins                         ; 58 / 529 ( 11 % )                           ;
; Total virtual pins                 ; 0                                           ;
; Total memory bits                  ; 43,936 / 3,981,312 ( 1 % )                  ;
; Embedded Multiplier 9-bit elements ; 36 / 532 ( 7 % )                            ;
; Total PLLs                         ; 2 / 4 ( 50 % )                              ;
+------------------------------------+---------------------------------------------+


+-----------------------------------------+
; Flow Settings                           ;
+-------------------+---------------------+
; Option            ; Setting             ;
+-------------------+---------------------+
; Start date & time ; 10/17/2024 16:12:45 ;
; Main task         ; Compilation         ;
; Revision Name     ; FFT_stream          ;
+-------------------+---------------------+


+----------------------------------------------------------------------------------------------------------------------------------------------------------------------------------------------------------------------------+
; Flow Non-Default Global Settings                                                                                                                                                                                           ;
+-----------------------------------------+------------------------------------------------------------------------------------------------------------------------------+---------------+-------------+---------------------+
; Assignment Name                         ; Value                                                                                                                        ; Default Value ; Entity Name ; Section Id          ;
+-----------------------------------------+------------------------------------------------------------------------------------------------------------------------------+---------------+-------------+---------------------+
; COMPILER_SIGNATURE_ID                   ; 163719712386056.172914196515936                                                                                              ; --            ; --          ; --                  ;
; EDA_DESIGN_INSTANCE_NAME                ; NA                                                                                                                           ; --            ; --          ; fft_pitch_detect_tb ;
; EDA_NATIVELINK_SIMULATION_TEST_BENCH    ; fft_pitch_detect_tb                                                                                                          ; --            ; --          ; eda_simulation      ;
; EDA_OUTPUT_DATA_FORMAT                  ; Verilog Hdl                                                                                                                  ; --            ; --          ; eda_simulation      ;
; EDA_SIMULATION_TOOL                     ; ModelSim-Altera (Verilog)                                                                                                    ; <None>        ; --          ; --                  ;
; EDA_TEST_BENCH_ENABLE_STATUS            ; TEST_BENCH_MODE                                                                                                              ; --            ; --          ; eda_simulation      ;
; EDA_TEST_BENCH_FILE                     ; fft_pitch_detect_tb.sv                                                                                                       ; --            ; --          ; fft_pitch_detect_tb ;
; EDA_TEST_BENCH_MODULE_NAME              ; fft_pitch_detect_tb                                                                                                          ; --            ; --          ; fft_pitch_detect_tb ;
; EDA_TEST_BENCH_NAME                     ; fft_pitch_detect_tb                                                                                                          ; --            ; --          ; eda_simulation      ;
; EDA_TIME_SCALE                          ; 1 ps                                                                                                                         ; --            ; --          ; eda_simulation      ;
; ENABLE_SIGNALTAP                        ; On                                                                                                                           ; --            ; --          ; --                  ;
; MAX_CORE_JUNCTION_TEMP                  ; 85                                                                                                                           ; --            ; --          ; --                  ;
; MIN_CORE_JUNCTION_TEMP                  ; 0                                                                                                                            ; --            ; --          ; --                  ;
; MISC_FILE                               ; mic/i2c_pll_bb.v                                                                                                             ; --            ; --          ; --                  ;
; MISC_FILE                               ; mic/i2c_pll.ppf                                                                                                              ; --            ; --          ; --                  ;
; MISC_FILE                               ; mic/adc_pll_bb.v                                                                                                             ; --            ; --          ; --                  ;
; MISC_FILE                               ; mic/adc_pll.ppf                                                                                                              ; --            ; --          ; --                  ;
; MISC_FILE                               ; async_fifo_bb.v                                                                                                              ; --            ; --          ; --                  ;
; NOMINAL_CORE_SUPPLY_VOLTAGE             ; 1.2V                                                                                                                         ; --            ; --          ; --                  ;
; PARTITION_COLOR                         ; -- (Not supported for targeted family)                                                                                       ; --            ; top_level   ; Top                 ;
; PARTITION_FITTER_PRESERVATION_LEVEL     ; -- (Not supported for targeted family)                                                                                       ; --            ; top_level   ; Top                 ;
; PARTITION_NETLIST_TYPE                  ; -- (Not supported for targeted family)                                                                                       ; --            ; top_level   ; Top                 ;
; PHYSICAL_SYNTHESIS_REGISTER_DUPLICATION ; On                                                                                                                           ; Off           ; --          ; --                  ;
; PHYSICAL_SYNTHESIS_REGISTER_RETIMING    ; On                                                                                                                           ; Off           ; --          ; --                  ;
; POWER_BOARD_THERMAL_MODEL               ; None (CONSERVATIVE)                                                                                                          ; --            ; --          ; --                  ;
; POWER_PRESET_COOLING_SOLUTION           ; 23 MM HEAT SINK WITH 200 LFPM AIRFLOW                                                                                        ; --            ; --          ; --                  ;
; PROJECT_OUTPUT_DIRECTORY                ; output_files                                                                                                                 ; --            ; --          ; --                  ;
; SEARCH_PATH                             ; r22sdf                                                                                                                       ; --            ; --          ; --                  ;
; SEARCH_PATH                             ; mic                                                                                                                          ; --            ; --          ; --                  ;
; SLD_FILE                                ; db/stp1_auto_stripped.stp                                                                                                    ; --            ; --          ; --                  ;
; SLD_NODE_CREATOR_ID                     ; 110                                                                                                                          ; --            ; --          ; auto_signaltap_0    ;
; SLD_NODE_ENTITY_NAME                    ; sld_signaltap                                                                                                                ; --            ; --          ; auto_signaltap_0    ;
; SLD_NODE_PARAMETER_ASSIGNMENT           ; SLD_RAM_BLOCK_TYPE=AUTO                                                                                                      ; --            ; --          ; auto_signaltap_0    ;
; SLD_NODE_PARAMETER_ASSIGNMENT           ; SLD_NODE_INFO=805334528                                                                                                      ; --            ; --          ; auto_signaltap_0    ;
; SLD_NODE_PARAMETER_ASSIGNMENT           ; SLD_POWER_UP_TRIGGER=0                                                                                                       ; --            ; --          ; auto_signaltap_0    ;
; SLD_NODE_PARAMETER_ASSIGNMENT           ; SLD_STORAGE_QUALIFIER_INVERSION_MASK_LENGTH=0                                                                                ; --            ; --          ; auto_signaltap_0    ;
; SLD_NODE_PARAMETER_ASSIGNMENT           ; SLD_SEGMENT_SIZE=128                                                                                                         ; --            ; --          ; auto_signaltap_0    ;
; SLD_NODE_PARAMETER_ASSIGNMENT           ; SLD_ATTRIBUTE_MEM_MODE=OFF                                                                                                   ; --            ; --          ; auto_signaltap_0    ;
; SLD_NODE_PARAMETER_ASSIGNMENT           ; SLD_STATE_FLOW_USE_GENERATED=0                                                                                               ; --            ; --          ; auto_signaltap_0    ;
; SLD_NODE_PARAMETER_ASSIGNMENT           ; SLD_STATE_BITS=11                                                                                                            ; --            ; --          ; auto_signaltap_0    ;
; SLD_NODE_PARAMETER_ASSIGNMENT           ; SLD_BUFFER_FULL_STOP=1                                                                                                       ; --            ; --          ; auto_signaltap_0    ;
; SLD_NODE_PARAMETER_ASSIGNMENT           ; SLD_CURRENT_RESOURCE_WIDTH=1                                                                                                 ; --            ; --          ; auto_signaltap_0    ;
; SLD_NODE_PARAMETER_ASSIGNMENT           ; SLD_INCREMENTAL_ROUTING=1                                                                                                    ; --            ; --          ; auto_signaltap_0    ;
; SLD_NODE_PARAMETER_ASSIGNMENT           ; SLD_TRIGGER_LEVEL=1                                                                                                          ; --            ; --          ; auto_signaltap_0    ;
; SLD_NODE_PARAMETER_ASSIGNMENT           ; SLD_SAMPLE_DEPTH=128                                                                                                         ; --            ; --          ; auto_signaltap_0    ;
; SLD_NODE_PARAMETER_ASSIGNMENT           ; SLD_TRIGGER_IN_ENABLED=0                                                                                                     ; --            ; --          ; auto_signaltap_0    ;
; SLD_NODE_PARAMETER_ASSIGNMENT           ; SLD_TRIGGER_PIPELINE=0                                                                                                       ; --            ; --          ; auto_signaltap_0    ;
; SLD_NODE_PARAMETER_ASSIGNMENT           ; SLD_RAM_PIPELINE=0                                                                                                           ; --            ; --          ; auto_signaltap_0    ;
; SLD_NODE_PARAMETER_ASSIGNMENT           ; SLD_COUNTER_PIPELINE=0                                                                                                       ; --            ; --          ; auto_signaltap_0    ;
; SLD_NODE_PARAMETER_ASSIGNMENT           ; SLD_ADVANCED_TRIGGER_ENTITY=basic,1,                                                                                         ; --            ; --          ; auto_signaltap_0    ;
; SLD_NODE_PARAMETER_ASSIGNMENT           ; SLD_TRIGGER_LEVEL_PIPELINE=1                                                                                                 ; --            ; --          ; auto_signaltap_0    ;
; SLD_NODE_PARAMETER_ASSIGNMENT           ; SLD_ENABLE_ADVANCED_TRIGGER=0                                                                                                ; --            ; --          ; auto_signaltap_0    ;
; SLD_NODE_PARAMETER_ASSIGNMENT           ; SLD_DATA_BITS=28                                                                                                             ; --            ; --          ; auto_signaltap_0    ;
; SLD_NODE_PARAMETER_ASSIGNMENT           ; SLD_TRIGGER_BITS=28                                                                                                          ; --            ; --          ; auto_signaltap_0    ;
; SLD_NODE_PARAMETER_ASSIGNMENT           ; SLD_STORAGE_QUALIFIER_BITS=28                                                                                                ; --            ; --          ; auto_signaltap_0    ;
; SLD_NODE_PARAMETER_ASSIGNMENT           ; SLD_INVERSION_MASK=000000000000000000000000000000000000000000000000000000000000000000000000000000000000000000000000000000000 ; --            ; --          ; auto_signaltap_0    ;
; SLD_NODE_PARAMETER_ASSIGNMENT           ; SLD_INVERSION_MASK_LENGTH=105                                                                                                ; --            ; --          ; auto_signaltap_0    ;
; TOP_LEVEL_ENTITY                        ; top_level                                                                                                                    ; FFT_stream    ; --          ; --                  ;
; USE_SIGNALTAP_FILE                      ; output_files/stp1.stp                                                                                                        ; --            ; --          ; --                  ;
+-----------------------------------------+------------------------------------------------------------------------------------------------------------------------------+---------------+-------------+---------------------+


+--------------------------------------------------------------------------------------------------------------------------+
; Flow Elapsed Time                                                                                                        ;
+----------------------+--------------+-------------------------+---------------------+------------------------------------+
; Module Name          ; Elapsed Time ; Average Processors Used ; Peak Virtual Memory ; Total CPU Time (on all processors) ;
+----------------------+--------------+-------------------------+---------------------+------------------------------------+
; Analysis & Synthesis ; 00:01:23     ; 1.0                     ; 5068 MB             ; 00:01:26                           ;
; Fitter               ; 00:00:35     ; 1.1                     ; 5804 MB             ; 00:00:32                           ;
; Assembler            ; 00:00:04     ; 1.0                     ; 4719 MB             ; 00:00:03                           ;
; Timing Analyzer      ; 00:00:04     ; 1.4                     ; 4926 MB             ; 00:00:03                           ;
; EDA Netlist Writer   ; 00:00:02     ; 1.0                     ; 4689 MB             ; 00:00:03                           ;
; Total                ; 00:02:08     ; --                      ; --                  ; 00:02:07                           ;
+----------------------+--------------+-------------------------+---------------------+------------------------------------+


+------------------------------------------------------------------------------------+
; Flow OS Summary                                                                    ;
+----------------------+------------------+------------+------------+----------------+
; Module Name          ; Machine Hostname ; OS Name    ; OS Version ; Processor type ;
+----------------------+------------------+------------+------------+----------------+
; Analysis & Synthesis ; DESKTOP-PEECLUM  ; Windows 10 ; 10.0       ; x86_64         ;
; Fitter               ; DESKTOP-PEECLUM  ; Windows 10 ; 10.0       ; x86_64         ;
; Assembler            ; DESKTOP-PEECLUM  ; Windows 10 ; 10.0       ; x86_64         ;
; Timing Analyzer      ; DESKTOP-PEECLUM  ; Windows 10 ; 10.0       ; x86_64         ;
; EDA Netlist Writer   ; DESKTOP-PEECLUM  ; Windows 10 ; 10.0       ; x86_64         ;
+----------------------+------------------+------------+------------+----------------+


------------
; Flow Log ;
------------
quartus_map --read_settings_files=on --write_settings_files=off FFT_stream -c FFT_stream
quartus_fit --read_settings_files=off --write_settings_files=off FFT_stream -c FFT_stream
quartus_asm --read_settings_files=off --write_settings_files=off FFT_stream -c FFT_stream
quartus_sta FFT_stream -c FFT_stream
quartus_eda --read_settings_files=off --write_settings_files=off FFT_stream -c FFT_stream



